<?xml version="1.0" encoding="UTF-8" ?>
<testsuite tests="1" failures="0" name="com.testing.test.pdfproject.controller.DataRetrivalControllerMVCTest" time="1.29" errors="0" skipped="0">
  <properties>
    <property name="java.runtime.name" value="Java(TM) SE Runtime Environment"/>
    <property name="sun.boot.library.path" value="/Library/Java/JavaVirtualMachines/jdk1.8.0_20.jdk/Contents/Home/jre/lib"/>
    <property name="java.vm.version" value="25.20-b23"/>
    <property name="gopherProxySet" value="false"/>
    <property name="java.vm.vendor" value="Oracle Corporation"/>
    <property name="java.vendor.url" value="http://java.oracle.com/"/>
    <property name="path.separator" value=":"/>
    <property name="java.vm.name" value="Java HotSpot(TM) 64-Bit Server VM"/>
    <property name="file.encoding.pkg" value="sun.io"/>
    <property name="user.country" value="US"/>
    <property name="sun.java.launcher" value="SUN_STANDARD"/>
    <property name="sun.os.patch.level" value="unknown"/>
    <property name="java.vm.specification.name" value="Java Virtual Machine Specification"/>
    <property name="user.dir" value="/Users/jadhavk/data/testprojs/pdfprojwithmogo/pdfproject/trunk"/>
    <property name="java.runtime.version" value="1.8.0_20-b26"/>
    <property name="java.awt.graphicsenv" value="sun.awt.CGraphicsEnvironment"/>
    <property name="basedir" value="/Users/jadhavk/data/testprojs/pdfprojwithmogo/pdfproject/trunk"/>
    <property name="java.endorsed.dirs" value="/Library/Java/JavaVirtualMachines/jdk1.8.0_20.jdk/Contents/Home/jre/lib/endorsed"/>
    <property name="os.arch" value="x86_64"/>
    <property name="surefire.real.class.path" value="/Users/jadhavk/data/testprojs/pdfprojwithmogo/pdfproject/trunk/target/surefire/surefirebooter2479867965977106819.jar"/>
    <property name="java.io.tmpdir" value="/var/folders/zz/zyxvpxvq6csfxvn_n0000000000000/T/"/>
    <property name="line.separator" value="
"/>
    <property name="java.vm.specification.vendor" value="Oracle Corporation"/>
    <property name="os.name" value="Mac OS X"/>
    <property name="sun.jnu.encoding" value="UTF-8"/>
    <property name="java.library.path" value="/Users/jadhavk/Library/Java/Extensions:/Library/Java/Extensions:/Network/Library/Java/Extensions:/System/Library/Java/Extensions:/usr/lib/java:."/>
    <property name="surefire.test.class.path" value="/Users/jadhavk/data/testprojs/pdfprojwithmogo/pdfproject/trunk/target/test-classes:/Users/jadhavk/data/testprojs/pdfprojwithmogo/pdfproject/trunk/target/classes:/var/root/.m2/repository/junit/junit/4.11/junit-4.11.jar:/var/root/.m2/repository/org/hamcrest/hamcrest-core/1.3/hamcrest-core-1.3.jar:/var/root/.m2/repository/com/test/pdfgenerationproject/trunk-SNAPSHOT/pdfgenerationproject-trunk-SNAPSHOT.jar:/var/root/.m2/repository/org/apache/avalon/framework/avalon-framework-api/4.3.1/avalon-framework-api-4.3.1.jar:/var/root/.m2/repository/org/apache/avalon/framework/avalon-framework-impl/4.3.1/avalon-framework-impl-4.3.1.jar:/var/root/.m2/repository/org/apache/xmlgraphics/fop/1.1/fop-1.1.jar:/var/root/.m2/repository/org/apache/xmlgraphics/xmlgraphics-commons/1.5/xmlgraphics-commons-1.5.jar:/var/root/.m2/repository/org/apache/xmlgraphics/batik-svg-dom/1.7/batik-svg-dom-1.7.jar:/var/root/.m2/repository/org/apache/xmlgraphics/batik-anim/1.7/batik-anim-1.7.jar:/var/root/.m2/repository/org/apache/xmlgraphics/batik-css/1.7/batik-css-1.7.jar:/var/root/.m2/repository/org/apache/xmlgraphics/batik-dom/1.7/batik-dom-1.7.jar:/var/root/.m2/repository/org/apache/xmlgraphics/batik-parser/1.7/batik-parser-1.7.jar:/var/root/.m2/repository/org/apache/xmlgraphics/batik-util/1.7/batik-util-1.7.jar:/var/root/.m2/repository/xml-apis/xml-apis/1.3.04/xml-apis-1.3.04.jar:/var/root/.m2/repository/xml-apis/xml-apis-ext/1.3.04/xml-apis-ext-1.3.04.jar:/var/root/.m2/repository/org/apache/xmlgraphics/batik-bridge/1.7/batik-bridge-1.7.jar:/var/root/.m2/repository/org/apache/xmlgraphics/batik-script/1.7/batik-script-1.7.jar:/var/root/.m2/repository/org/apache/xmlgraphics/batik-js/1.7/batik-js-1.7.jar:/var/root/.m2/repository/org/apache/xmlgraphics/batik-xml/1.7/batik-xml-1.7.jar:/var/root/.m2/repository/xalan/xalan/2.6.0/xalan-2.6.0.jar:/var/root/.m2/repository/org/apache/xmlgraphics/batik-awt-util/1.7/batik-awt-util-1.7.jar:/var/root/.m2/repository/org/apache/xmlgraphics/batik-gvt/1.7/batik-gvt-1.7.jar:/var/root/.m2/repository/org/apache/xmlgraphics/batik-transcoder/1.7/batik-transcoder-1.7.jar:/var/root/.m2/repository/org/apache/xmlgraphics/batik-svggen/1.7/batik-svggen-1.7.jar:/var/root/.m2/repository/org/apache/xmlgraphics/batik-extension/1.7/batik-extension-1.7.jar:/var/root/.m2/repository/org/apache/xmlgraphics/batik-ext/1.7/batik-ext-1.7.jar:/var/root/.m2/repository/commons-io/commons-io/1.3.1/commons-io-1.3.1.jar:/var/root/.m2/repository/net/sf/saxon/Saxon-HE/9.5.1-6/Saxon-HE-9.5.1-6.jar:/var/root/.m2/repository/org/springframework/data/spring-data-mongodb/1.5.2.RELEASE/spring-data-mongodb-1.5.2.RELEASE.jar:/var/root/.m2/repository/org/springframework/data/spring-data-commons/1.8.2.RELEASE/spring-data-commons-1.8.2.RELEASE.jar:/var/root/.m2/repository/org/mongodb/mongo-java-driver/2.12.1/mongo-java-driver-2.12.1.jar:/var/root/.m2/repository/org/slf4j/slf4j-api/1.7.7/slf4j-api-1.7.7.jar:/var/root/.m2/repository/org/slf4j/jcl-over-slf4j/1.7.7/jcl-over-slf4j-1.7.7.jar:/var/root/.m2/repository/org/springframework/spring-tx/3.2.1.RELEASE/spring-tx-3.2.1.RELEASE.jar:/var/root/.m2/repository/aopalliance/aopalliance/1.0/aopalliance-1.0.jar:/var/root/.m2/repository/org/springframework/spring-expression/3.2.1.RELEASE/spring-expression-3.2.1.RELEASE.jar:/var/root/.m2/repository/com/mysema/querydsl/querydsl-mongodb/2.9.0/querydsl-mongodb-2.9.0.jar:/var/root/.m2/repository/com/mysema/querydsl/querydsl-core/2.9.0/querydsl-core-2.9.0.jar:/var/root/.m2/repository/com/google/guava/guava/11.0.2/guava-11.0.2.jar:/var/root/.m2/repository/com/google/code/findbugs/jsr305/1.3.9/jsr305-1.3.9.jar:/var/root/.m2/repository/com/mysema/commons/mysema-commons-lang/0.2.4/mysema-commons-lang-0.2.4.jar:/var/root/.m2/repository/cglib/cglib/2.2.2/cglib-2.2.2.jar:/var/root/.m2/repository/asm/asm/3.3.1/asm-3.3.1.jar:/var/root/.m2/repository/com/mysema/querydsl/querydsl-apt/2.9.0/querydsl-apt-2.9.0.jar:/var/root/.m2/repository/com/mysema/querydsl/querydsl-codegen/2.9.0/querydsl-codegen-2.9.0.jar:/var/root/.m2/repository/com/mysema/codegen/codegen/0.5.6/codegen-0.5.6.jar:/var/root/.m2/repository/org/eclipse/jdt/core/compiler/ecj/3.7.2/ecj-3.7.2.jar:/var/root/.m2/repository/javax/inject/javax.inject/1/javax.inject-1.jar:/var/root/.m2/repository/org/codehaus/jackson/jackson-mapper-asl/1.9.10/jackson-mapper-asl-1.9.10.jar:/var/root/.m2/repository/org/codehaus/jackson/jackson-core-asl/1.9.10/jackson-core-asl-1.9.10.jar:/var/root/.m2/repository/org/springframework/spring-core/4.0.6.RELEASE/spring-core-4.0.6.RELEASE.jar:/var/root/.m2/repository/commons-logging/commons-logging/1.1.3/commons-logging-1.1.3.jar:/var/root/.m2/repository/org/springframework/spring-web/4.0.6.RELEASE/spring-web-4.0.6.RELEASE.jar:/var/root/.m2/repository/org/springframework/spring-aop/4.0.6.RELEASE/spring-aop-4.0.6.RELEASE.jar:/var/root/.m2/repository/org/springframework/spring-beans/4.0.6.RELEASE/spring-beans-4.0.6.RELEASE.jar:/var/root/.m2/repository/org/springframework/spring-context/4.0.6.RELEASE/spring-context-4.0.6.RELEASE.jar:/var/root/.m2/repository/org/springframework/spring-webmvc/4.0.6.RELEASE/spring-webmvc-4.0.6.RELEASE.jar:/var/root/.m2/repository/org/springframework/spring-test/4.0.6.RELEASE/spring-test-4.0.6.RELEASE.jar:/var/root/.m2/repository/org/mockito/mockito-all/1.9.5/mockito-all-1.9.5.jar:/var/root/.m2/repository/javax/servlet/javax.servlet-api/3.1.0/javax.servlet-api-3.1.0.jar:"/>
    <property name="java.specification.name" value="Java Platform API Specification"/>
    <property name="java.class.version" value="52.0"/>
    <property name="sun.management.compiler" value="HotSpot 64-Bit Tiered Compilers"/>
    <property name="os.version" value="10.8.4"/>
    <property name="user.home" value="/var/root"/>
    <property name="user.timezone" value="Asia/Kolkata"/>
    <property name="java.awt.printerjob" value="sun.lwawt.macosx.CPrinterJob"/>
    <property name="java.specification.version" value="1.8"/>
    <property name="file.encoding" value="UTF-8"/>
    <property name="user.name" value="root"/>
    <property name="java.class.path" value="/Users/jadhavk/data/testprojs/pdfprojwithmogo/pdfproject/trunk/target/test-classes:/Users/jadhavk/data/testprojs/pdfprojwithmogo/pdfproject/trunk/target/classes:/var/root/.m2/repository/junit/junit/4.11/junit-4.11.jar:/var/root/.m2/repository/org/hamcrest/hamcrest-core/1.3/hamcrest-core-1.3.jar:/var/root/.m2/repository/com/test/pdfgenerationproject/trunk-SNAPSHOT/pdfgenerationproject-trunk-SNAPSHOT.jar:/var/root/.m2/repository/org/apache/avalon/framework/avalon-framework-api/4.3.1/avalon-framework-api-4.3.1.jar:/var/root/.m2/repository/org/apache/avalon/framework/avalon-framework-impl/4.3.1/avalon-framework-impl-4.3.1.jar:/var/root/.m2/repository/org/apache/xmlgraphics/fop/1.1/fop-1.1.jar:/var/root/.m2/repository/org/apache/xmlgraphics/xmlgraphics-commons/1.5/xmlgraphics-commons-1.5.jar:/var/root/.m2/repository/org/apache/xmlgraphics/batik-svg-dom/1.7/batik-svg-dom-1.7.jar:/var/root/.m2/repository/org/apache/xmlgraphics/batik-anim/1.7/batik-anim-1.7.jar:/var/root/.m2/repository/org/apache/xmlgraphics/batik-css/1.7/batik-css-1.7.jar:/var/root/.m2/repository/org/apache/xmlgraphics/batik-dom/1.7/batik-dom-1.7.jar:/var/root/.m2/repository/org/apache/xmlgraphics/batik-parser/1.7/batik-parser-1.7.jar:/var/root/.m2/repository/org/apache/xmlgraphics/batik-util/1.7/batik-util-1.7.jar:/var/root/.m2/repository/xml-apis/xml-apis/1.3.04/xml-apis-1.3.04.jar:/var/root/.m2/repository/xml-apis/xml-apis-ext/1.3.04/xml-apis-ext-1.3.04.jar:/var/root/.m2/repository/org/apache/xmlgraphics/batik-bridge/1.7/batik-bridge-1.7.jar:/var/root/.m2/repository/org/apache/xmlgraphics/batik-script/1.7/batik-script-1.7.jar:/var/root/.m2/repository/org/apache/xmlgraphics/batik-js/1.7/batik-js-1.7.jar:/var/root/.m2/repository/org/apache/xmlgraphics/batik-xml/1.7/batik-xml-1.7.jar:/var/root/.m2/repository/xalan/xalan/2.6.0/xalan-2.6.0.jar:/var/root/.m2/repository/org/apache/xmlgraphics/batik-awt-util/1.7/batik-awt-util-1.7.jar:/var/root/.m2/repository/org/apache/xmlgraphics/batik-gvt/1.7/batik-gvt-1.7.jar:/var/root/.m2/repository/org/apache/xmlgraphics/batik-transcoder/1.7/batik-transcoder-1.7.jar:/var/root/.m2/repository/org/apache/xmlgraphics/batik-svggen/1.7/batik-svggen-1.7.jar:/var/root/.m2/repository/org/apache/xmlgraphics/batik-extension/1.7/batik-extension-1.7.jar:/var/root/.m2/repository/org/apache/xmlgraphics/batik-ext/1.7/batik-ext-1.7.jar:/var/root/.m2/repository/commons-io/commons-io/1.3.1/commons-io-1.3.1.jar:/var/root/.m2/repository/net/sf/saxon/Saxon-HE/9.5.1-6/Saxon-HE-9.5.1-6.jar:/var/root/.m2/repository/org/springframework/data/spring-data-mongodb/1.5.2.RELEASE/spring-data-mongodb-1.5.2.RELEASE.jar:/var/root/.m2/repository/org/springframework/data/spring-data-commons/1.8.2.RELEASE/spring-data-commons-1.8.2.RELEASE.jar:/var/root/.m2/repository/org/mongodb/mongo-java-driver/2.12.1/mongo-java-driver-2.12.1.jar:/var/root/.m2/repository/org/slf4j/slf4j-api/1.7.7/slf4j-api-1.7.7.jar:/var/root/.m2/repository/org/slf4j/jcl-over-slf4j/1.7.7/jcl-over-slf4j-1.7.7.jar:/var/root/.m2/repository/org/springframework/spring-tx/3.2.1.RELEASE/spring-tx-3.2.1.RELEASE.jar:/var/root/.m2/repository/aopalliance/aopalliance/1.0/aopalliance-1.0.jar:/var/root/.m2/repository/org/springframework/spring-expression/3.2.1.RELEASE/spring-expression-3.2.1.RELEASE.jar:/var/root/.m2/repository/com/mysema/querydsl/querydsl-mongodb/2.9.0/querydsl-mongodb-2.9.0.jar:/var/root/.m2/repository/com/mysema/querydsl/querydsl-core/2.9.0/querydsl-core-2.9.0.jar:/var/root/.m2/repository/com/google/guava/guava/11.0.2/guava-11.0.2.jar:/var/root/.m2/repository/com/google/code/findbugs/jsr305/1.3.9/jsr305-1.3.9.jar:/var/root/.m2/repository/com/mysema/commons/mysema-commons-lang/0.2.4/mysema-commons-lang-0.2.4.jar:/var/root/.m2/repository/cglib/cglib/2.2.2/cglib-2.2.2.jar:/var/root/.m2/repository/asm/asm/3.3.1/asm-3.3.1.jar:/var/root/.m2/repository/com/mysema/querydsl/querydsl-apt/2.9.0/querydsl-apt-2.9.0.jar:/var/root/.m2/repository/com/mysema/querydsl/querydsl-codegen/2.9.0/querydsl-codegen-2.9.0.jar:/var/root/.m2/repository/com/mysema/codegen/codegen/0.5.6/codegen-0.5.6.jar:/var/root/.m2/repository/org/eclipse/jdt/core/compiler/ecj/3.7.2/ecj-3.7.2.jar:/var/root/.m2/repository/javax/inject/javax.inject/1/javax.inject-1.jar:/var/root/.m2/repository/org/codehaus/jackson/jackson-mapper-asl/1.9.10/jackson-mapper-asl-1.9.10.jar:/var/root/.m2/repository/org/codehaus/jackson/jackson-core-asl/1.9.10/jackson-core-asl-1.9.10.jar:/var/root/.m2/repository/org/springframework/spring-core/4.0.6.RELEASE/spring-core-4.0.6.RELEASE.jar:/var/root/.m2/repository/commons-logging/commons-logging/1.1.3/commons-logging-1.1.3.jar:/var/root/.m2/repository/org/springframework/spring-web/4.0.6.RELEASE/spring-web-4.0.6.RELEASE.jar:/var/root/.m2/repository/org/springframework/spring-aop/4.0.6.RELEASE/spring-aop-4.0.6.RELEASE.jar:/var/root/.m2/repository/org/springframework/spring-beans/4.0.6.RELEASE/spring-beans-4.0.6.RELEASE.jar:/var/root/.m2/repository/org/springframework/spring-context/4.0.6.RELEASE/spring-context-4.0.6.RELEASE.jar:/var/root/.m2/repository/org/springframework/spring-webmvc/4.0.6.RELEASE/spring-webmvc-4.0.6.RELEASE.jar:/var/root/.m2/repository/org/springframework/spring-test/4.0.6.RELEASE/spring-test-4.0.6.RELEASE.jar:/var/root/.m2/repository/org/mockito/mockito-all/1.9.5/mockito-all-1.9.5.jar:/var/root/.m2/repository/javax/servlet/javax.servlet-api/3.1.0/javax.servlet-api-3.1.0.jar:"/>
    <property name="java.vm.specification.version" value="1.8"/>
    <property name="sun.arch.data.model" value="64"/>
    <property name="java.home" value="/Library/Java/JavaVirtualMachines/jdk1.8.0_20.jdk/Contents/Home/jre"/>
    <property name="sun.java.command" value="/Users/jadhavk/data/testprojs/pdfprojwithmogo/pdfproject/trunk/target/surefire/surefirebooter2479867965977106819.jar /Users/jadhavk/data/testprojs/pdfprojwithmogo/pdfproject/trunk/target/surefire/surefire4837261727618452065tmp /Users/jadhavk/data/testprojs/pdfprojwithmogo/pdfproject/trunk/target/surefire/surefire8921100977010464044tmp"/>
    <property name="java.specification.vendor" value="Oracle Corporation"/>
    <property name="user.language" value="en"/>
    <property name="awt.toolkit" value="sun.lwawt.macosx.LWCToolkit"/>
    <property name="java.vm.info" value="mixed mode"/>
    <property name="java.version" value="1.8.0_20"/>
    <property name="java.ext.dirs" value="/Users/jadhavk/Library/Java/Extensions:/Library/Java/JavaVirtualMachines/jdk1.8.0_20.jdk/Contents/Home/jre/lib/ext:/Library/Java/Extensions:/Network/Library/Java/Extensions:/System/Library/Java/Extensions:/usr/lib/java"/>
    <property name="sun.boot.class.path" value="/Library/Java/JavaVirtualMachines/jdk1.8.0_20.jdk/Contents/Home/jre/lib/resources.jar:/Library/Java/JavaVirtualMachines/jdk1.8.0_20.jdk/Contents/Home/jre/lib/rt.jar:/Library/Java/JavaVirtualMachines/jdk1.8.0_20.jdk/Contents/Home/jre/lib/sunrsasign.jar:/Library/Java/JavaVirtualMachines/jdk1.8.0_20.jdk/Contents/Home/jre/lib/jsse.jar:/Library/Java/JavaVirtualMachines/jdk1.8.0_20.jdk/Contents/Home/jre/lib/jce.jar:/Library/Java/JavaVirtualMachines/jdk1.8.0_20.jdk/Contents/Home/jre/lib/charsets.jar:/Library/Java/JavaVirtualMachines/jdk1.8.0_20.jdk/Contents/Home/jre/lib/jfr.jar:/Library/Java/JavaVirtualMachines/jdk1.8.0_20.jdk/Contents/Home/jre/classes"/>
    <property name="java.vendor" value="Oracle Corporation"/>
    <property name="localRepository" value="/var/root/.m2/repository"/>
    <property name="file.separator" value="/"/>
    <property name="java.vendor.url.bug" value="http://bugreport.sun.com/bugreport/"/>
    <property name="sun.cpu.endian" value="little"/>
    <property name="sun.io.unicode.encoding" value="UnicodeBig"/>
    <property name="sun.cpu.isalist" value=""/>
  </properties>
  <testcase classname="com.testing.test.pdfproject.controller.DataRetrivalControllerMVCTest" name="test_getmachinenamelist" time="1.144"/>
</testsuite>